<?xml version="1.0" encoding="UTF-8"?>
<testsuite name="BankBalanceCalculatorTest" tests="1" skipped="0" failures="0" errors="0" timestamp="2024-03-09T00:37:47" hostname="Nours-MacBook-Air.local" time="0.001">
  <properties/>
  <testcase name="TestEdge_Pair3" classname="BankBalanceCalculatorTest" time="0.001"/>
  <system-out><![CDATA[]]></system-out>
  <system-err><![CDATA[]]></system-err>
</testsuite>
